<?xml version="1.0" encoding="UTF-8"?>
<!-- Generated by org.testng.reporters.JUnitReportReporter -->
<testsuite skipped="0" hostname="DESKTOP-V87AIUO" name="com.qa.testng.Parameters_Test20" tests="6" failures="0" timestamp="2023-01-03T06:19:47 PST" time="0.041" errors="0">
  <testcase name="method1" time="0.029" classname="com.qa.testng.Parameters_Test20"/>
  <system-out/>
  <testcase name="method1" time="0.001" classname="com.qa.testng.Parameters_Test20"/>
  <system-out/>
  <testcase name="method2" time="0.002" classname="com.qa.testng.Parameters_Test20"/>
  <system-out/>
  <testcase name="method2" time="0.002" classname="com.qa.testng.Parameters_Test20"/>
  <system-out/>
  <testcase name="method3" time="0.002" classname="com.qa.testng.Parameters_Test20"/>
  <system-out/>
  <testcase name="method3" time="0.005" classname="com.qa.testng.Parameters_Test20"/>
  <system-out/>
</testsuite> <!-- com.qa.testng.Parameters_Test20 -->
