<?xml version="1.0" encoding="UTF-8"?>
<!-- Generated by org.testng.reporters.JUnitReportReporter -->
<testsuite skipped="0" hostname="DESKTOP-V87AIUO" name="com.qa.testng.ReporterClass_Test25" tests="1" failures="0" timestamp="2023-01-04T06:43:48 PST" time="8.475" errors="0">
  <testcase name="method1" time="8.475" classname="com.qa.testng.ReporterClass_Test25"/>
  <system-out>
    <![CDATA[Chrome browser opened
<br>
Google site launched
<br>
<a href="C:\Users\Rami Reddy\Desktop\Automation\com.google.gmail\target\04-Jan-2023-06-43-48.png"><img src="C:\Users\Rami Reddy\Desktop\Automation\com.google.gmail\target\04-Jan-2023-06-43-48.png" height="100" width="100"/></a>]]>
  </system-out>
</testsuite> <!-- com.qa.testng.ReporterClass_Test25 -->
