<?xml version="1.0" encoding="UTF-8"?>
<!-- Generated by org.testng.reporters.JUnitReportReporter -->
<testsuite skipped="0" hostname="DESKTOP-V87AIUO" name="com.qa.testng.SharingData1" tests="1" failures="0" timestamp="2023-01-05T05:53:56 PST" time="0.027" errors="0">
  <testcase name="method1" time="0.027" classname="com.qa.testng.SharingData1"/>
  <system-out/>
</testsuite> <!-- com.qa.testng.SharingData1 -->
