<?xml version="1.0" encoding="UTF-8"?>
<!-- Generated by org.testng.reporters.JUnitReportReporter -->
<testsuite skipped="0" hostname="DESKTOP-V87AIUO" name="com.qa.testng.Test10" tests="2" failures="0" timestamp="2022-12-31T04:16:59 PST" time="0.020" errors="0">
  <testcase name="method1" time="0.018" classname="com.qa.testng.Test10"/>
  <system-out/>
  <testcase name="base" time="0.002" classname="com.qa.testng.Test10"/>
  <system-out/>
</testsuite> <!-- com.qa.testng.Test10 -->
