<?xml version="1.0" encoding="UTF-8"?>
<!-- Generated by org.testng.reporters.JUnitReportReporter -->
<testsuite skipped="0" hostname="DESKTOP-V87AIUO" name="com.qa.testng.Test9" tests="3" failures="0" timestamp="2023-01-04T06:11:14 PST" time="0.077" errors="0">
  <testcase name="method1" time="0.026" classname="com.qa.testng.Test9"/>
  <system-out/>
  <testcase name="base" time="0.026" classname="com.qa.testng.Test9"/>
  <system-out/>
  <testcase name="app" time="0.025" classname="com.qa.testng.Test9"/>
  <system-out/>
</testsuite> <!-- com.qa.testng.Test9 -->
