<?xml version="1.0" encoding="UTF-8"?>
<!-- Generated by org.testng.reporters.JUnitReportReporter -->
<testsuite skipped="0" hostname="DESKTOP-V87AIUO" name="com.qa.testng.Test15_1" tests="3" failures="0" timestamp="2022-12-31T05:17:13 PST" time="0.015" errors="0">
  <testcase name="method2" time="0.004" classname="com.qa.testng.Test15_1"/>
  <system-out/>
  <testcase name="method2" time="0.001" classname="com.qa.testng.Test15_1"/>
  <system-out/>
  <testcase name="method2" time="0.010" classname="com.qa.testng.Test15_1"/>
  <system-out/>
</testsuite> <!-- com.qa.testng.Test15_1 -->
