<?xml version="1.0" encoding="UTF-8"?>
<!-- Generated by org.testng.reporters.JUnitReportReporter -->
<testsuite skipped="0" hostname="DESKTOP-V87AIUO" name="com.qa.testng.Test8" tests="3" failures="0" timestamp="2023-01-04T06:11:14 PST" time="0.100" errors="0">
  <testcase name="method1" time="0.030" classname="com.qa.testng.Test8"/>
  <system-out/>
  <testcase name="method2" time="0.026" classname="com.qa.testng.Test8"/>
  <system-out/>
  <testcase name="method3" time="0.044" classname="com.qa.testng.Test8"/>
  <system-out/>
</testsuite> <!-- com.qa.testng.Test8 -->
