<?xml version="1.0" encoding="UTF-8"?>
<!-- Generated by org.testng.reporters.JUnitReportReporter -->
<testsuite skipped="0" hostname="DESKTOP-V87AIUO" name="com.qa.testng.Test14_Way2" tests="3" failures="0" timestamp="2022-12-31T05:07:44 PST" time="0.019" errors="0">
  <testcase name="method2" time="0.004" classname="com.qa.testng.Test14_Way2"/>
  <system-out/>
  <testcase name="method2" time="0.002" classname="com.qa.testng.Test14_Way2"/>
  <system-out/>
  <testcase name="method2" time="0.013" classname="com.qa.testng.Test14_Way2"/>
  <system-out/>
</testsuite> <!-- com.qa.testng.Test14_Way2 -->
