<?xml version="1.0" encoding="UTF-8"?>
<!-- Generated by org.testng.reporters.JUnitReportReporter -->
<testsuite skipped="0" hostname="DESKTOP-V87AIUO" name="com.qa.testng.Test16" tests="4" failures="0" timestamp="2023-01-02T05:59:50 PST" time="0.032" errors="0">
  <testcase name="method1" time="0.004" classname="com.qa.testng.Test16"/>
  <system-out/>
  <testcase name="method1" time="0.023" classname="com.qa.testng.Test16"/>
  <system-out/>
  <testcase name="method2" time="0.002" classname="com.qa.testng.Test16"/>
  <system-out/>
  <testcase name="method2" time="0.003" classname="com.qa.testng.Test16"/>
  <system-out/>
</testsuite> <!-- com.qa.testng.Test16 -->
