<?xml version="1.0" encoding="UTF-8"?>
<!-- Generated by org.testng.reporters.JUnitReportReporter -->
<testsuite skipped="0" hostname="DESKTOP-V87AIUO" name="com.qa.testng.AllAnotations" tests="1" failures="0" timestamp="2023-01-03T07:13:45 PST" time="0.022" errors="0">
  <testcase name="method9" time="0.022" classname="com.qa.testng.AllAnotations"/>
  <system-out/>
</testsuite> <!-- com.qa.testng.AllAnotations -->
