<?xml version="1.0" encoding="UTF-8"?>
<!-- Generated by org.testng.reporters.JUnitReportReporter -->
<testsuite skipped="0" hostname="DESKTOP-V87AIUO" name="com.qa.testng.Test13" tests="3" failures="0" timestamp="2023-01-03T21:47:28 PST" time="0.024" errors="0">
  <testcase name="method1" time="0.015" classname="com.qa.testng.Test13"/>
  <system-out/>
  <testcase name="method2" time="0.004" classname="com.qa.testng.Test13"/>
  <system-out/>
  <testcase name="method3" time="0.005" classname="com.qa.testng.Test13"/>
  <system-out/>
</testsuite> <!-- com.qa.testng.Test13 -->
