<?xml version="1.0" encoding="UTF-8"?>
<!-- Generated by org.testng.reporters.JUnitReportReporter -->
<testsuite skipped="0" hostname="DESKTOP-V87AIUO" name="com.qa.testng.Test19" tests="10" failures="0" timestamp="2023-01-03T05:59:55 PST" time="0.035" errors="0">
  <testcase name="method1" time="0.015" classname="com.qa.testng.Test19"/>
  <system-out/>
  <testcase name="method1" time="0.001" classname="com.qa.testng.Test19"/>
  <system-out/>
  <testcase name="method1" time="0.002" classname="com.qa.testng.Test19"/>
  <system-out/>
  <testcase name="method1" time="0.002" classname="com.qa.testng.Test19"/>
  <system-out/>
  <testcase name="method1" time="0.003" classname="com.qa.testng.Test19"/>
  <system-out/>
  <testcase name="method2" time="0.004" classname="com.qa.testng.Test19"/>
  <system-out/>
  <testcase name="method2" time="0.002" classname="com.qa.testng.Test19"/>
  <system-out/>
  <testcase name="method2" time="0.002" classname="com.qa.testng.Test19"/>
  <system-out/>
  <testcase name="method2" time="0.002" classname="com.qa.testng.Test19"/>
  <system-out/>
  <testcase name="method2" time="0.002" classname="com.qa.testng.Test19"/>
  <system-out/>
</testsuite> <!-- com.qa.testng.Test19 -->
