<?xml version="1.0" encoding="UTF-8"?>
<!-- Generated by org.testng.reporters.JUnitReportReporter -->
<testsuite skipped="0" hostname="DESKTOP-V87AIUO" name="com.qa.testng.Test14" tests="3" failures="0" timestamp="2022-12-31T05:01:57 PST" time="0.065" errors="0">
  <testcase name="method2" time="0.002" classname="com.qa.testng.Test14"/>
  <system-out/>
  <testcase name="method2" time="0.036" classname="com.qa.testng.Test14"/>
  <system-out/>
  <testcase name="method2" time="0.027" classname="com.qa.testng.Test14"/>
  <system-out/>
</testsuite> <!-- com.qa.testng.Test14 -->
