<?xml version="1.0" encoding="UTF-8"?>
<!-- Generated by org.testng.reporters.JUnitReportReporter -->
<testsuite skipped="0" hostname="DESKTOP-V87AIUO" name="com.qa.testng.Test30" tests="1" failures="0" timestamp="2023-01-04T06:21:41 PST" time="0.018" errors="0">
  <testcase name="method3" time="0.018" classname="com.qa.testng.Test30"/>
  <system-out/>
</testsuite> <!-- com.qa.testng.Test30 -->
