<?xml version="1.0" encoding="UTF-8"?>
<!-- Generated by org.testng.reporters.JUnitReportReporter -->
<testsuite skipped="0" hostname="DESKTOP-V87AIUO" name="com.qa.testng.Optional_Test22" tests="1" failures="0" timestamp="2023-01-03T06:39:03 PST" time="0.016" errors="0">
  <testcase name="method123" time="0.016" classname="com.qa.testng.Optional_Test22"/>
  <system-out/>
</testsuite> <!-- com.qa.testng.Optional_Test22 -->
