<?xml version="1.0" encoding="UTF-8"?>
<!-- Generated by org.testng.reporters.JUnitReportReporter -->
<testsuite skipped="0" hostname="DESKTOP-V87AIUO" name="com.qa.testng.Test31" tests="3" failures="0" timestamp="2023-01-05T06:36:01 PST" time="95.245" errors="0">
  <testcase name="method1" time="10.771" classname="com.qa.testng.Test31"/>
  <system-out/>
  <testcase name="method3" time="24.857" classname="com.qa.testng.Test31"/>
  <system-out/>
  <testcase name="method2" time="59.617" classname="com.qa.testng.Test31"/>
  <system-out/>
</testsuite> <!-- com.qa.testng.Test31 -->
