<?xml version="1.0" encoding="UTF-8"?>
<!-- Generated by org.testng.reporters.JUnitReportReporter -->
<testsuite skipped="0" hostname="DESKTOP-V87AIUO" name="com.qa.testng.Parameters_Test21" tests="1" failures="0" timestamp="2023-01-03T06:29:56 PST" time="47.242" errors="0">
  <testcase name="method1" time="47.242" classname="com.qa.testng.Parameters_Test21"/>
  <system-out/>
</testsuite> <!-- com.qa.testng.Parameters_Test21 -->
