<?xml version="1.0" encoding="UTF-8"?>
<!-- Generated by org.testng.reporters.JUnitReportReporter -->
<testsuite skipped="0" hostname="DESKTOP-V87AIUO" name="com.qa.testng.Test1" tests="1" failures="0" timestamp="2022-12-24T06:06:27 PST" time="0.038" errors="0">
  <testcase name="method1" time="0.038" classname="com.qa.testng.Test1"/>
  <system-out/>
</testsuite> <!-- com.qa.testng.Test1 -->
